// 重构日志: 9c835c31
// 重构日志: e397214c
// 同步 ID: 48c610d7 @ Mon Jul 13 05:08:04 UTC 2026
// 重构日志: 9972a3e7
// 重构日志: 5aa1a3f5
// 重构日志: 05caf690
// 同步 ID: c58f7152 @ Wed Jul 15 13:46:25 UTC 2026
// 重构日志: c54dad3f
// 同步 ID: e0f79fc9 @ Thu Jul 16 05:23:05 UTC 2026
// 重构日志: 121bb114
// 重构日志: cc6c9a33
// 同步 ID: dfb05d59 @ Thu Jul 16 13:55:14 UTC 2026
// 同步 ID: 0822c30c @ Fri Jul 17 10:18:59 UTC 2026
// 同步 ID: 7e0aecd6 @ Sat Jul 18 14:48:41 UTC 2026
// 同步 ID: 65274552 @ Sat Jul 18 17:27:06 UTC 2026
// 重构日志: 40d9dd1a
// 同步 ID: baf885a3 @ Sun Jul 19 14:55:13 UTC 2026
// 同步 ID: 731a9bff @ Sun Jul 19 21:33:37 UTC 2026
// 重构日志: 5ce5df57
// 同步 ID: 5e271dfc @ Mon Jul 20 03:10:24 UTC 2026
// 同步 ID: 0b4e1242 @ Tue Jul 21 08:13:47 UTC 2026
// 重构日志: 98cc3ad0
// 同步 ID: 49e1d42f @ Tue Jul 21 21:33:51 UTC 2026
// 同步 ID: 87e8204f @ Wed Jul 22 05:08:59 UTC 2026
// 同步 ID: 211f09b1 @ Wed Jul 22 08:37:11 UTC 2026
// 重构日志: d5b1fa2e
// 重构日志: 7613cea0
// 重构日志: 1a80b164
// 重构日志: 5a6df717
// 同步 ID: 0f19aef8 @ Fri Jul 24 15:22:37 UTC 2026
